<?xml version="1.0" encoding="UTF-8"?>
<!-- Generated by org.testng.reporters.JUnitXMLReporter -->
<testsuite ignored="0" hostname="kalpesh16" failures="0" tests="10" name="facebook" time="25.83" errors="0" timestamp="22 Sep 2021 12:02:22 GMT">
  <testcase classname="Testng.Selenium.Demo.EbayTestNG" name="searchProduct" time="6.81"/>
  <testcase classname="Testng.Selenium.Demo.EbayTestNG" name="selectProduct" time="8.494"/>
  <testcase classname="Testng.Selenium.Demo.TestNGDemoFacebook" name="verifyCreateNewAccountField" time="0.137"/>
  <testcase classname="Testng.Selenium.Demo.TestNGDemoFacebook" name="verifyFirstNameField" time="0.635"/>
  <testcase classname="Testng.Selenium.Demo.TestNGDemoFacebook" name="verifyLastNameField" time="0.144"/>
  <testcase classname="Testng.Selenium.Demo.TestNGDemoFacebook" name="verifyMobileNoField" time="0.144"/>
  <testcase classname="Testng.Selenium.Demo.TestNGDemoFacebook" name="verifyPasswordField" time="0.147"/>
  <testcase classname="Testng.Selenium.Demo.TestNGDemoFacebook" name="verifyDOBField" time="0.335"/>
  <testcase classname="Testng.Selenium.Demo.TestNGDemoFacebook" name="verifyGenderField" time="0.167"/>
  <testcase classname="Testng.Selenium.Demo.TestNGDemoFacebook" name="logIn" time="0.107"/>
</testsuite> <!-- facebook -->
