<?xml version="1.0" encoding="UTF-8"?>
<!-- Generated by org.testng.reporters.JUnitXMLReporter -->
<testsuite ignored="3" hostname="kalpesh16" failures="0" tests="7" name="Group Test Demo" time="5.946" errors="0" timestamp="22 Sep 2021 14:43:36 GMT">
  <testcase classname="Testng.Selenium.Demo.TestngGroups" name="launchBrowser" time="4.066"/>
  <testcase classname="Testng.Selenium.Demo.TestngGroups" name="verifyCreateNewAccountField" time="0.155"/>
  <testcase classname="Testng.Selenium.Demo.TestngGroups" name="verifyFirstNameField" time="0.784"/>
  <testcase classname="Testng.Selenium.Demo.TestngGroups" name="verifyMobileNoField" time="0.162"/>
  <testcase classname="Testng.Selenium.Demo.TestngGroups" name="verifyDOBField" time="0.358"/>
  <testcase classname="Testng.Selenium.Demo.TestngGroups" name="logIn" time="0.159"/>
  <testcase classname="Testng.Selenium.Demo.TestngGroups" name="terminateBrowser" time="0.195"/>
  <testcase classname="Testng.Selenium.Demo.TestngGroups" name="verifyGenderField" time="0.0">
    <ignored/>
  </testcase> <!-- verifyGenderField -->
  <testcase classname="Testng.Selenium.Demo.TestngGroups" name="verifyLastNameField" time="0.0">
    <ignored/>
  </testcase> <!-- verifyLastNameField -->
  <testcase classname="Testng.Selenium.Demo.TestngGroups" name="verifyPasswordField" time="0.0">
    <ignored/>
  </testcase> <!-- verifyPasswordField -->
</testsuite> <!-- Group Test Demo -->
