<?xml version="1.0" encoding="UTF-8"?>
<!-- Generated by org.testng.reporters.JUnitXMLReporter -->
<testsuite ignored="3" hostname="kalpesh16" failures="0" tests="7" name="Guru 99 Smoke Test Demo" time="5.745" errors="0" timestamp="22 Sep 2021 14:39:37 GMT">
  <testcase classname="Testng.Selenium.Demo.TestngGroups" name="launchBrowser" time="4.105"/>
  <testcase classname="Testng.Selenium.Demo.TestngGroups" name="verifyCreateNewAccountField" time="0.153"/>
  <testcase classname="Testng.Selenium.Demo.TestngGroups" name="verifyFirstNameField" time="0.639"/>
  <testcase classname="Testng.Selenium.Demo.TestngGroups" name="verifyMobileNoField" time="0.16"/>
  <testcase classname="Testng.Selenium.Demo.TestngGroups" name="verifyDOBField" time="0.318"/>
  <testcase classname="Testng.Selenium.Demo.TestngGroups" name="logIn" time="0.132"/>
  <testcase classname="Testng.Selenium.Demo.TestngGroups" name="terminateBrowser" time="0.177"/>
  <testcase classname="Testng.Selenium.Demo.TestngGroups" name="verifyGenderField" time="0.0">
    <ignored/>
  </testcase> <!-- verifyGenderField -->
  <testcase classname="Testng.Selenium.Demo.TestngGroups" name="verifyLastNameField" time="0.0">
    <ignored/>
  </testcase> <!-- verifyLastNameField -->
  <testcase classname="Testng.Selenium.Demo.TestngGroups" name="verifyPasswordField" time="0.0">
    <ignored/>
  </testcase> <!-- verifyPasswordField -->
</testsuite> <!-- Guru 99 Smoke Test Demo -->
