<?xml version="1.0" encoding="UTF-8"?>
<!-- Generated by org.testng.reporters.JUnitXMLReporter -->
<testsuite ignored="4" hostname="kalpesh16" failures="0" tests="6" name="Test" time="5.661" errors="0" timestamp="23 Sep 2021 13:25:01 GMT">
  <testcase classname="Testng.Selenium.Demo.TestngGroups" name="launchBrowser" time="3.884"/>
  <testcase classname="Testng.Selenium.Demo.TestngGroups" name="verifyCreateNewAccountField" time="0.195"/>
  <testcase classname="Testng.Selenium.Demo.TestngGroups" name="verifyFirstNameField" time="0.697"/>
  <testcase classname="Testng.Selenium.Demo.TestngGroups" name="verifyMobileNoField" time="0.242"/>
  <testcase classname="Testng.Selenium.Demo.TestngGroups" name="verifyDOBField" time="0.34"/>
  <testcase classname="Testng.Selenium.Demo.TestngGroups" name="terminateBrowser" time="0.217"/>
  <testcase classname="Testng.Selenium.Demo.TestngGroups" name="verifyGenderField" time="0.0">
    <ignored/>
  </testcase> <!-- verifyGenderField -->
  <testcase classname="Testng.Selenium.Demo.TestngGroups" name="logIn" time="0.0">
    <ignored/>
  </testcase> <!-- logIn -->
  <testcase classname="Testng.Selenium.Demo.TestngGroups" name="verifyLastNameField" time="0.0">
    <ignored/>
  </testcase> <!-- verifyLastNameField -->
  <testcase classname="Testng.Selenium.Demo.TestngGroups" name="verifyPasswordField" time="0.0">
    <ignored/>
  </testcase> <!-- verifyPasswordField -->
</testsuite> <!-- Test -->
