<?xml version="1.0" encoding="UTF-8"?>
<!-- Generated by org.testng.reporters.JUnitXMLReporter -->
<testsuite ignored="0" hostname="kalpesh16" failures="0" tests="4" name="Test" time="26.183" errors="0" timestamp="22 Sep 2021 12:33:19 GMT">
  <testcase classname="Testng.Selenium.Demo.EbayTestNG" name="searchProduct" time="7.769"/>
  <testcase classname="Testng.Selenium.Demo.EbayTestNG" name="selectProduct" time="10.043"/>
  <testcase classname="Testng.Selenium.Demo.TestNGDemoFacebook" name="verifyCreateNewAccountField" time="0.147"/>
  <testcase classname="Testng.Selenium.Demo.BSuitsASuits" name="afterSuite1" time="0.002"/>
</testsuite> <!-- Test -->
