<?xml version="1.0" encoding="UTF-8"?>
<!-- Generated by org.testng.reporters.JUnitXMLReporter -->
<testsuite ignored="0" hostname="kalpesh16" failures="0" tests="8" name="facebook" time="6.457" errors="0" timestamp="21 Sep 2021 12:15:37 GMT">
  <testcase classname="Testng.Selenium.Demo.TestNGDemoFacebook" name="verifyCreateNewAccountField" time="0.154"/>
  <testcase classname="Testng.Selenium.Demo.TestNGDemoFacebook" name="verifyFirstNameField" time="0.723"/>
  <testcase classname="Testng.Selenium.Demo.TestNGDemoFacebook" name="verifyLastNameField" time="0.153"/>
  <testcase classname="Testng.Selenium.Demo.TestNGDemoFacebook" name="verifyMobileNoField" time="0.178"/>
  <testcase classname="Testng.Selenium.Demo.TestNGDemoFacebook" name="verifyPasswordField" time="0.191"/>
  <testcase classname="Testng.Selenium.Demo.TestNGDemoFacebook" name="verifyDOBField" time="0.283"/>
  <testcase classname="Testng.Selenium.Demo.TestNGDemoFacebook" name="verifyGenderField" time="0.143"/>
  <testcase classname="Testng.Selenium.Demo.TestNGDemoFacebook" name="logIn" time="0.096"/>
</testsuite> <!-- facebook -->
