<?xml version="1.0" encoding="UTF-8"?>
<!-- Generated by org.testng.reporters.JUnitXMLReporter -->
<testsuite ignored="0" hostname="kalpesh16" failures="0" tests="12" name="facebook" time="21.827" errors="0" timestamp="22 Sep 2021 13:28:03 GMT">
  <testcase classname="Testng.Selenium.Demo.EbayTestNG" name="searchProduct" time="6.669"/>
  <testcase classname="Testng.Selenium.Demo.EbayTestNG" name="selectProduct" time="4.103"/>
  <testcase classname="Testng.Selenium.Demo.TestNGDemoFacebook" name="verifyCreateNewAccountField" time="0.15"/>
  <testcase classname="Testng.Selenium.Demo.BSuitsASuits" name="afterSuite1" time="0.002"/>
  <testcase classname="Testng.Selenium.Demo.BSuitsASuits" name="beforeSuite1" time="0.002"/>
  <testcase classname="Testng.Selenium.Demo.TestNGDemoFacebook" name="verifyFirstNameField" time="0.71"/>
  <testcase classname="Testng.Selenium.Demo.TestNGDemoFacebook" name="verifyLastNameField" time="0.147"/>
  <testcase classname="Testng.Selenium.Demo.TestNGDemoFacebook" name="verifyPasswordField" time="0.141"/>
  <testcase classname="Testng.Selenium.Demo.TestNGDemoFacebook" name="verifyMobileNoField" time="0.141"/>
  <testcase classname="Testng.Selenium.Demo.TestNGDemoFacebook" name="verifyDOBField" time="0.341"/>
  <testcase classname="Testng.Selenium.Demo.TestNGDemoFacebook" name="verifyGenderField" time="0.156"/>
  <testcase classname="Testng.Selenium.Demo.TestNGDemoFacebook" name="logIn" time="0.099"/>
</testsuite> <!-- facebook -->
