<?xml version="1.0" encoding="UTF-8"?>
<testng-results ignored="0" total="7" passed="7" failed="0" skipped="0">
  <reporter-output>
  </reporter-output>
  <suite started-at="2021-09-23T17:47:57Z" name="Default suite" finished-at="2021-09-23T17:48:01Z" duration-ms="4790">
    <groups>
    </groups>
    <test started-at="2021-09-23T17:47:57Z" name="Default test" finished-at="2021-09-23T17:48:01Z" duration-ms="4790">
      <class name="Testng.Selenium.Demo.DataProviderInTestNG">
        <test-method signature="launchBrowser()[pri:0, instance:Testng.Selenium.Demo.DataProviderInTestNG@7674f035]" started-at="2021-09-23T17:47:57Z" name="launchBrowser" finished-at="2021-09-23T17:47:59Z" duration-ms="2555" status="PASS">
          <reporter-output>
          </reporter-output>
        </test-method> <!-- launchBrowser -->
        <test-method signature="firstName_lastName(java.lang.String, java.lang.String, java.lang.String)[pri:1, instance:Testng.Selenium.Demo.DataProviderInTestNG@7674f035]" started-at="2021-09-23T17:47:59Z" name="firstName_lastName" data-provider="dp" finished-at="2021-09-23T17:48:00Z" duration-ms="833" status="PASS">
          <params>
            <param index="0">
              <value>
                <![CDATA[Ajay]]>
              </value>
            </param>
            <param index="1">
              <value>
                <![CDATA[Dhal]]>
              </value>
            </param>
            <param index="2">
              <value>
                <![CDATA[asdffffff]]>
              </value>
            </param>
          </params>
          <reporter-output>
          </reporter-output>
        </test-method> <!-- firstName_lastName -->
        <test-method signature="firstName_lastName(java.lang.String, java.lang.String, java.lang.String)[pri:1, instance:Testng.Selenium.Demo.DataProviderInTestNG@7674f035]" started-at="2021-09-23T17:48:00Z" name="firstName_lastName" data-provider="dp" finished-at="2021-09-23T17:48:00Z" duration-ms="329" status="PASS">
          <params>
            <param index="0">
              <value>
                <![CDATA[Vijay]]>
              </value>
            </param>
            <param index="1">
              <value>
                <![CDATA[dole]]>
              </value>
            </param>
            <param index="2">
              <value>
                <![CDATA[567yggggg]]>
              </value>
            </param>
          </params>
          <reporter-output>
          </reporter-output>
        </test-method> <!-- firstName_lastName -->
        <test-method signature="firstName_lastName(java.lang.String, java.lang.String, java.lang.String)[pri:1, instance:Testng.Selenium.Demo.DataProviderInTestNG@7674f035]" started-at="2021-09-23T17:48:00Z" name="firstName_lastName" data-provider="dp" finished-at="2021-09-23T17:48:01Z" duration-ms="305" status="PASS">
          <params>
            <param index="0">
              <value>
                <![CDATA[Sanjay]]>
              </value>
            </param>
            <param index="1">
              <value>
                <![CDATA[More]]>
              </value>
            </param>
            <param index="2">
              <value>
                <![CDATA[yttghhjjkk]]>
              </value>
            </param>
          </params>
          <reporter-output>
          </reporter-output>
        </test-method> <!-- firstName_lastName -->
        <test-method signature="mobNo_password(java.lang.String, java.lang.String)[pri:2, instance:Testng.Selenium.Demo.DataProviderInTestNG@7674f035]" started-at="2021-09-23T17:48:01Z" name="mobNo_password" data-provider="dp" finished-at="2021-09-23T17:48:01Z" duration-ms="282" status="PASS">
          <params>
            <param index="0">
              <value>
                <![CDATA[Ajay60@gmail.com]]>
              </value>
            </param>
            <param index="1">
              <value>
                <![CDATA[Abc@!123]]>
              </value>
            </param>
          </params>
          <reporter-output>
          </reporter-output>
        </test-method> <!-- mobNo_password -->
        <test-method signature="mobNo_password(java.lang.String, java.lang.String)[pri:2, instance:Testng.Selenium.Demo.DataProviderInTestNG@7674f035]" started-at="2021-09-23T17:48:01Z" name="mobNo_password" data-provider="dp" finished-at="2021-09-23T17:48:01Z" duration-ms="224" status="PASS">
          <params>
            <param index="0">
              <value>
                <![CDATA[Vijay70@gmail.com]]>
              </value>
            </param>
            <param index="1">
              <value>
                <![CDATA[Bcd@!456]]>
              </value>
            </param>
          </params>
          <reporter-output>
          </reporter-output>
        </test-method> <!-- mobNo_password -->
        <test-method signature="mobNo_password(java.lang.String, java.lang.String)[pri:2, instance:Testng.Selenium.Demo.DataProviderInTestNG@7674f035]" started-at="2021-09-23T17:48:01Z" name="mobNo_password" data-provider="dp" finished-at="2021-09-23T17:48:01Z" duration-ms="224" status="PASS">
          <params>
            <param index="0">
              <value>
                <![CDATA[Sanjay80@gmail.com]]>
              </value>
            </param>
            <param index="1">
              <value>
                <![CDATA[Cde@!789]]>
              </value>
            </param>
          </params>
          <reporter-output>
          </reporter-output>
        </test-method> <!-- mobNo_password -->
      </class> <!-- Testng.Selenium.Demo.DataProviderInTestNG -->
    </test> <!-- Default test -->
  </suite> <!-- Default suite -->
</testng-results>
