<?xml version="1.0" encoding="UTF-8"?>
<testng-results ignored="3" total="10" passed="7" failed="0" skipped="0">
  <reporter-output>
  </reporter-output>
  <suite started-at="2021-09-22T14:43:30Z" name="Suite" finished-at="2021-09-22T14:43:36Z" duration-ms="5946">
    <groups>
      <group name="group2">
        <method signature="TestngGroups.launchBrowser()[pri:0, instance:Testng.Selenium.Demo.TestngGroups@1a0dcaa]" name="launchBrowser" class="Testng.Selenium.Demo.TestngGroups"/>
        <method signature="TestngGroups.terminateBrowser()[pri:9, instance:Testng.Selenium.Demo.TestngGroups@1a0dcaa]" name="terminateBrowser" class="Testng.Selenium.Demo.TestngGroups"/>
        <method signature="TestngGroups.verifyCreateNewAccountField()[pri:1, instance:Testng.Selenium.Demo.TestngGroups@1a0dcaa]" name="verifyCreateNewAccountField" class="Testng.Selenium.Demo.TestngGroups"/>
      </group> <!-- group2 -->
      <group name="group1">
        <method signature="TestngGroups.launchBrowser()[pri:0, instance:Testng.Selenium.Demo.TestngGroups@1a0dcaa]" name="launchBrowser" class="Testng.Selenium.Demo.TestngGroups"/>
        <method signature="TestngGroups.logIn()[pri:8, instance:Testng.Selenium.Demo.TestngGroups@1a0dcaa]" name="logIn" class="Testng.Selenium.Demo.TestngGroups"/>
        <method signature="TestngGroups.terminateBrowser()[pri:9, instance:Testng.Selenium.Demo.TestngGroups@1a0dcaa]" name="terminateBrowser" class="Testng.Selenium.Demo.TestngGroups"/>
        <method signature="TestngGroups.verifyCreateNewAccountField()[pri:1, instance:Testng.Selenium.Demo.TestngGroups@1a0dcaa]" name="verifyCreateNewAccountField" class="Testng.Selenium.Demo.TestngGroups"/>
        <method signature="TestngGroups.verifyDOBField()[pri:6, instance:Testng.Selenium.Demo.TestngGroups@1a0dcaa]" name="verifyDOBField" class="Testng.Selenium.Demo.TestngGroups"/>
        <method signature="TestngGroups.verifyFirstNameField()[pri:2, instance:Testng.Selenium.Demo.TestngGroups@1a0dcaa]" name="verifyFirstNameField" class="Testng.Selenium.Demo.TestngGroups"/>
        <method signature="TestngGroups.verifyMobileNoField()[pri:4, instance:Testng.Selenium.Demo.TestngGroups@1a0dcaa]" name="verifyMobileNoField" class="Testng.Selenium.Demo.TestngGroups"/>
      </group> <!-- group1 -->
    </groups>
    <test started-at="2021-09-22T14:43:30Z" name="Group Test Demo" finished-at="2021-09-22T14:43:36Z" duration-ms="5946">
      <class name="Testng.Selenium.Demo.TestngGroups">
        <test-method signature="launchBrowser()[pri:0, instance:Testng.Selenium.Demo.TestngGroups@1a0dcaa]" started-at="2021-09-22T14:43:30Z" name="launchBrowser" finished-at="2021-09-22T14:43:34Z" duration-ms="4066" status="PASS">
          <reporter-output>
          </reporter-output>
        </test-method> <!-- launchBrowser -->
        <test-method signature="verifyCreateNewAccountField()[pri:1, instance:Testng.Selenium.Demo.TestngGroups@1a0dcaa]" started-at="2021-09-22T14:43:34Z" name="verifyCreateNewAccountField" finished-at="2021-09-22T14:43:34Z" duration-ms="155" status="PASS">
          <reporter-output>
          </reporter-output>
        </test-method> <!-- verifyCreateNewAccountField -->
        <test-method signature="verifyFirstNameField()[pri:2, instance:Testng.Selenium.Demo.TestngGroups@1a0dcaa]" started-at="2021-09-22T14:43:34Z" name="verifyFirstNameField" finished-at="2021-09-22T14:43:35Z" duration-ms="784" status="PASS">
          <reporter-output>
          </reporter-output>
        </test-method> <!-- verifyFirstNameField -->
        <test-method signature="verifyMobileNoField()[pri:4, instance:Testng.Selenium.Demo.TestngGroups@1a0dcaa]" started-at="2021-09-22T14:43:35Z" name="verifyMobileNoField" finished-at="2021-09-22T14:43:35Z" duration-ms="162" status="PASS">
          <reporter-output>
          </reporter-output>
        </test-method> <!-- verifyMobileNoField -->
        <test-method signature="verifyDOBField()[pri:6, instance:Testng.Selenium.Demo.TestngGroups@1a0dcaa]" started-at="2021-09-22T14:43:35Z" name="verifyDOBField" finished-at="2021-09-22T14:43:36Z" duration-ms="358" status="PASS">
          <reporter-output>
          </reporter-output>
        </test-method> <!-- verifyDOBField -->
        <test-method signature="logIn()[pri:8, instance:Testng.Selenium.Demo.TestngGroups@1a0dcaa]" started-at="2021-09-22T14:43:36Z" name="logIn" finished-at="2021-09-22T14:43:36Z" duration-ms="159" status="PASS">
          <reporter-output>
          </reporter-output>
        </test-method> <!-- logIn -->
        <test-method signature="terminateBrowser()[pri:9, instance:Testng.Selenium.Demo.TestngGroups@1a0dcaa]" started-at="2021-09-22T14:43:36Z" name="terminateBrowser" finished-at="2021-09-22T14:43:36Z" duration-ms="195" status="PASS">
          <reporter-output>
          </reporter-output>
        </test-method> <!-- terminateBrowser -->
      </class> <!-- Testng.Selenium.Demo.TestngGroups -->
    </test> <!-- Group Test Demo -->
  </suite> <!-- Suite -->
</testng-results>
