<?xml version="1.0" encoding="UTF-8"?>
<!-- Generated by org.testng.reporters.JUnitXMLReporter -->
<testsuite ignored="0" hostname="kalpesh16" failures="0" tests="10" name="facebook" time="26.854" errors="0" timestamp="22 Sep 2021 11:55:01 GMT">
  <testcase classname="Testng.Selenium.Demo.EbayTestNG" name="searchProduct" time="7.098"/>
  <testcase classname="Testng.Selenium.Demo.EbayTestNG" name="selectProduct" time="9.385"/>
  <testcase classname="Testng.Selenium.Demo.TestNGDemoFacebook" name="verifyCreateNewAccountField" time="0.14"/>
  <testcase classname="Testng.Selenium.Demo.TestNGDemoFacebook" name="verifyFirstNameField" time="0.76"/>
  <testcase classname="Testng.Selenium.Demo.TestNGDemoFacebook" name="verifyLastNameField" time="0.157"/>
  <testcase classname="Testng.Selenium.Demo.TestNGDemoFacebook" name="verifyMobileNoField" time="0.135"/>
  <testcase classname="Testng.Selenium.Demo.TestNGDemoFacebook" name="verifyPasswordField" time="0.165"/>
  <testcase classname="Testng.Selenium.Demo.TestNGDemoFacebook" name="verifyDOBField" time="0.359"/>
  <testcase classname="Testng.Selenium.Demo.TestNGDemoFacebook" name="verifyGenderField" time="0.154"/>
  <testcase classname="Testng.Selenium.Demo.TestNGDemoFacebook" name="logIn" time="0.128"/>
</testsuite> <!-- facebook -->
